c:\git repos\grandpas-ray-tracer\raytracer\x64\debug\vc143.pdb
c:\git repos\grandpas-ray-tracer\raytracer\x64\debug\vc143.idb
c:\git repos\grandpas-ray-tracer\raytracer\x64\debug\util.obj
c:\git repos\grandpas-ray-tracer\raytracer\x64\debug\scene_creation.obj
c:\git repos\grandpas-ray-tracer\raytracer\x64\debug\scene_population.obj
c:\git repos\grandpas-ray-tracer\raytracer\x64\debug\ray.obj
c:\git repos\grandpas-ray-tracer\raytracer\x64\debug\post_processing.obj
c:\git repos\grandpas-ray-tracer\raytracer\x64\debug\pdf.obj
c:\git repos\grandpas-ray-tracer\raytracer\x64\debug\material.obj
c:\git repos\grandpas-ray-tracer\raytracer\x64\debug\main.obj
c:\git repos\grandpas-ray-tracer\raytracer\x64\debug\geometry_util.obj
c:\git repos\grandpas-ray-tracer\raytracer\x64\debug\geometry_rotation.obj
c:\git repos\grandpas-ray-tracer\raytracer\x64\debug\geometry.obj
c:\git repos\grandpas-ray-tracer\raytracer\x64\debug\create_image.obj
c:\git repos\grandpas-ray-tracer\raytracer\x64\debug\color.obj
c:\git repos\grandpas-ray-tracer\raytracer\x64\debug\camera.obj
c:\git repos\grandpas-ray-tracer\raytracer\x64\debug\raytracer.exe
c:\git repos\grandpas-ray-tracer\raytracer\x64\debug\raytracer.ilk
c:\git repos\grandpas-ray-tracer\raytracer\x64\debug\raytracer.pdb
c:\git repos\grandpas-ray-tracer\raytracer\x64\debug\raytracer.tlog\cl.command.1.tlog
c:\git repos\grandpas-ray-tracer\raytracer\x64\debug\raytracer.tlog\cl.items.tlog
c:\git repos\grandpas-ray-tracer\raytracer\x64\debug\raytracer.tlog\cl.read.1.tlog
c:\git repos\grandpas-ray-tracer\raytracer\x64\debug\raytracer.tlog\cl.write.1.tlog
c:\git repos\grandpas-ray-tracer\raytracer\x64\debug\raytracer.tlog\link.command.1.tlog
c:\git repos\grandpas-ray-tracer\raytracer\x64\debug\raytracer.tlog\link.read.1.tlog
c:\git repos\grandpas-ray-tracer\raytracer\x64\debug\raytracer.tlog\link.write.1.tlog
